#
# There is insufficient memory for the Java Runtime Environment to continue.
# Native memory allocation (malloc) failed to allocate 1228976 bytes. Error detail: Chunk::new
# Possible reasons:
#   The system is out of physical RAM or swap space
#   This process is running with CompressedOops enabled, and the Java Heap may be blocking the growth of the native heap
# Possible solutions:
#   Reduce memory load on the system
#   Increase physical memory or swap space
#   Check if swap backing store is full
#   Decrease Java heap size (-Xmx/-Xms)
#   Decrease number of Java threads
#   Decrease Java thread stack sizes (-Xss)
#   Set larger code cache with -XX:ReservedCodeCacheSize=
#   JVM is running with Zero Based Compressed Oops mode in which the Java heap is
#     placed in the first 32GB address space. The Java Heap base address is the
#     maximum limit for the native heap growth. Please use -XX:HeapBaseMinAddress
#     to set the Java Heap base and to place the Java Heap above 32GB virtual address.
# This output file may be truncated or incomplete.
#
#  Out of Memory Error (arena.cpp:168), pid=21720, tid=19024
#
# JRE version: OpenJDK Runtime Environment JBR-21.0.7+9-895.130-jcef (21.0.7+9) (build 21.0.7+9-b895.130)
# Java VM: OpenJDK 64-Bit Server VM JBR-21.0.7+9-895.130-jcef (21.0.7+9-b895.130, mixed mode, sharing, tiered, compressed oops, compressed class ptrs, g1 gc, windows-amd64)
# No core dump will be written. Minidumps are not enabled by default on client versions of Windows
#

---------------  S U M M A R Y ------------

Command Line: git4idea.http.GitAskPassApp Password for 'https://[1.146s][error][cds] Failed to commit static  region #1 (ReadOnly)@github.com': 

Host: Intel(R) Core(TM) Ultra 7 256V, 8 cores, 15G,  Windows 11 , 64 bit Build 26100 (10.0.26100.4202)
Time: Sat Jul  5 16:24:50 2025 Mitteleuropäische Sommerzeit elapsed time: 1.699904 seconds (0d 0h 0m 1s)

---------------  T H R E A D  ---------------

Current thread (0x00000242f01fa160):  JavaThread "C2 CompilerThread2" daemon [_thread_in_native, id=19024, stack(0x0000009227000000,0x0000009227100000) (1024K)]


Current CompileTask:
C2:1700 1085       4       sun.security.ec.ECOperations::setDouble (463 bytes)

Stack: [0x0000009227000000,0x0000009227100000]
Native frames: (J=compiled Java code, j=interpreted, Vv=VM code, C=native code)
V  [jvm.dll+0x6e6049]
V  [jvm.dll+0x8c4343]
V  [jvm.dll+0x8c689e]
V  [jvm.dll+0x8c6f83]
V  [jvm.dll+0x289266]
V  [jvm.dll+0xc675d]
V  [jvm.dll+0xc6c93]
V  [jvm.dll+0x3c49d1]
V  [jvm.dll+0x3905b7]
V  [jvm.dll+0x38fa2a]
V  [jvm.dll+0x250912]
V  [jvm.dll+0x24fee1]
V  [jvm.dll+0x1cd734]
V  [jvm.dll+0x25f76c]
V  [jvm.dll+0x25dcb6]
V  [jvm.dll+0x3ffa86]
V  [jvm.dll+0x86bea8]
V  [jvm.dll+0x6e480d]
C  [ucrtbase.dll+0x37b0]
C  [KERNEL32.DLL+0x2e8d7]
C  [ntdll.dll+0x3c34c]


---------------  P R O C E S S  ---------------

Threads class SMR info:
_java_thread_list=0x00000242f01f9000, length=16, elements={
0x000002428fa097d0, 0x00000242aa4eaf20, 0x00000242aa4ebb70, 0x00000242aa732090,
0x00000242aa732fc0, 0x00000242aa734dd0, 0x00000242aa735820, 0x00000242aa7376e0,
0x00000242aa7538f0, 0x00000242aa8b9260, 0x00000242aa8bc8b0, 0x00000242f00e19d0,
0x00000242f0159ed0, 0x00000242f0161c60, 0x00000242f01f86a0, 0x00000242f01fa160
}

Java Threads: ( => current thread )
  0x000002428fa097d0 JavaThread "main"                              [_thread_blocked, id=32852, stack(0x0000009225900000,0x0000009225a00000) (1024K)]
  0x00000242aa4eaf20 JavaThread "Reference Handler"          daemon [_thread_blocked, id=29756, stack(0x0000009226100000,0x0000009226200000) (1024K)]
  0x00000242aa4ebb70 JavaThread "Finalizer"                  daemon [_thread_blocked, id=14060, stack(0x0000009226200000,0x0000009226300000) (1024K)]
  0x00000242aa732090 JavaThread "Signal Dispatcher"          daemon [_thread_blocked, id=27092, stack(0x0000009226300000,0x0000009226400000) (1024K)]
  0x00000242aa732fc0 JavaThread "Attach Listener"            daemon [_thread_blocked, id=13548, stack(0x0000009226400000,0x0000009226500000) (1024K)]
  0x00000242aa734dd0 JavaThread "Service Thread"             daemon [_thread_blocked, id=4892, stack(0x0000009226500000,0x0000009226600000) (1024K)]
  0x00000242aa735820 JavaThread "Monitor Deflation Thread"   daemon [_thread_blocked, id=34300, stack(0x0000009226600000,0x0000009226700000) (1024K)]
  0x00000242aa7376e0 JavaThread "C2 CompilerThread0"         daemon [_thread_in_native, id=34356, stack(0x0000009226700000,0x0000009226800000) (1024K)]
  0x00000242aa7538f0 JavaThread "C1 CompilerThread0"         daemon [_thread_blocked, id=29384, stack(0x0000009226800000,0x0000009226900000) (1024K)]
  0x00000242aa8b9260 JavaThread "Notification Thread"        daemon [_thread_blocked, id=8520, stack(0x0000009226900000,0x0000009226a00000) (1024K)]
  0x00000242aa8bc8b0 JavaThread "Common-Cleaner"             daemon [_thread_blocked, id=42104, stack(0x0000009226a00000,0x0000009226b00000) (1024K)]
  0x00000242f00e19d0 JavaThread "HttpClient-1-SelectorManager" daemon [_thread_blocked, id=38032, stack(0x0000009226b00000,0x0000009226c00000) (1024K)]
  0x00000242f0159ed0 JavaThread "HttpClient-1-Worker-0"      daemon [_thread_in_vm, id=9872, stack(0x0000009226d00000,0x0000009226e00000) (1024K)]
  0x00000242f0161c60 JavaThread "HttpClient-1-Worker-1"      daemon [_thread_blocked, id=16668, stack(0x0000009226e00000,0x0000009226f00000) (1024K)]
  0x00000242f01f86a0 JavaThread "C2 CompilerThread1"         daemon [_thread_blocked, id=10636, stack(0x0000009226f00000,0x0000009227000000) (1024K)]
=>0x00000242f01fa160 JavaThread "C2 CompilerThread2"         daemon [_thread_in_native, id=19024, stack(0x0000009227000000,0x0000009227100000) (1024K)]
Total: 16

Other Threads:
  0x00000242aa4c86e0 VMThread "VM Thread"                           [id=9804, stack(0x0000009226000000,0x0000009226100000) (1024K)]
  0x00000242aa4b9d80 WatcherThread "VM Periodic Task Thread"        [id=4436, stack(0x0000009225f00000,0x0000009226000000) (1024K)]
  0x000002428fa6ce10 WorkerThread "GC Thread#0"                     [id=37772, stack(0x0000009225a00000,0x0000009225b00000) (1024K)]
  0x000002428fa7d6b0 ConcurrentGCThread "G1 Main Marker"            [id=31228, stack(0x0000009225b00000,0x0000009225c00000) (1024K)]
  0x000002428fa7e1b0 WorkerThread "G1 Conc#0"                       [id=18688, stack(0x0000009225c00000,0x0000009225d00000) (1024K)]
  0x00000242aa3880b0 ConcurrentGCThread "G1 Refine#0"               [id=31760, stack(0x0000009225d00000,0x0000009225e00000) (1024K)]
  0x00000242aa3889d0 ConcurrentGCThread "G1 Service"                [id=6480, stack(0x0000009225e00000,0x0000009225f00000) (1024K)]
Total: 7

Threads with active compile tasks:
C2 CompilerThread2  1743 1085       4       sun.security.ec.ECOperations::setDouble (463 bytes)
Total: 1

VM state: not at safepoint (normal execution)

VM Mutex/Monitor currently owned by a thread: None

Heap address: 0x0000000707400000, size: 3980 MB, Compressed Oops mode: Zero based, Oop shift amount: 3

CDS archive(s) mapped at: [0x00000242ab000000-0x00000242abd10000-0x00000242abd10000), size 13697024, SharedBaseAddress: 0x00000242ab000000, ArchiveRelocationMode: 1.
Compressed class space mapped at: 0x00000242ac000000-0x00000242ec000000, reserved size: 1073741824
Narrow klass base: 0x00000242ab000000, Narrow klass shift: 0, Narrow klass range: 0x100000000

GC Precious Log:
 CardTable entry size: 512
 Card Set container configuration: InlinePtr #cards 4 size 8 Array Of Cards #cards 16 size 48 Howl #buckets 8 coarsen threshold 3686 Howl Bitmap #cards 512 size 80 coarsen threshold 460 Card regions per heap region 1 cards per card region 4096
 CPUs: 8 total, 8 available
 Memory: 15917M
 Large Page Support: Disabled
 NUMA Support: Disabled
 Compressed Oops: Enabled (Zero based)
 Heap Region Size: 2M
 Heap Min Capacity: 8M
 Heap Initial Capacity: 250M
 Heap Max Capacity: 3980M
 Pre-touch: Disabled
 Parallel Workers: 8
 Concurrent Workers: 2
 Concurrent Refinement Workers: 8
 Periodic GC: Disabled

Heap:
 garbage-first heap   total 256000K, used 16384K [0x0000000707400000, 0x0000000800000000)
  region size 2048K, 9 young (18432K), 0 survivors (0K)
 Metaspace       used 9172K, committed 9408K, reserved 1114112K
  class space    used 1056K, committed 1152K, reserved 1048576K

Heap Regions: E=young(eden), S=young(survivor), O=old, HS=humongous(starts), HC=humongous(continues), CS=collection set, F=free, TAMS=top-at-mark-start, PB=parsable bottom
|   0|0x0000000707400000, 0x0000000707400000, 0x0000000707600000|  0%| F|  |TAMS 0x0000000707400000| PB 0x0000000707400000| Untracked 
|   1|0x0000000707600000, 0x0000000707600000, 0x0000000707800000|  0%| F|  |TAMS 0x0000000707600000| PB 0x0000000707600000| Untracked 
|   2|0x0000000707800000, 0x0000000707800000, 0x0000000707a00000|  0%| F|  |TAMS 0x0000000707800000| PB 0x0000000707800000| Untracked 
|   3|0x0000000707a00000, 0x0000000707a00000, 0x0000000707c00000|  0%| F|  |TAMS 0x0000000707a00000| PB 0x0000000707a00000| Untracked 
|   4|0x0000000707c00000, 0x0000000707c00000, 0x0000000707e00000|  0%| F|  |TAMS 0x0000000707c00000| PB 0x0000000707c00000| Untracked 
|   5|0x0000000707e00000, 0x0000000707e00000, 0x0000000708000000|  0%| F|  |TAMS 0x0000000707e00000| PB 0x0000000707e00000| Untracked 
|   6|0x0000000708000000, 0x0000000708000000, 0x0000000708200000|  0%| F|  |TAMS 0x0000000708000000| PB 0x0000000708000000| Untracked 
|   7|0x0000000708200000, 0x0000000708200000, 0x0000000708400000|  0%| F|  |TAMS 0x0000000708200000| PB 0x0000000708200000| Untracked 
|   8|0x0000000708400000, 0x0000000708400000, 0x0000000708600000|  0%| F|  |TAMS 0x0000000708400000| PB 0x0000000708400000| Untracked 
|   9|0x0000000708600000, 0x0000000708600000, 0x0000000708800000|  0%| F|  |TAMS 0x0000000708600000| PB 0x0000000708600000| Untracked 
|  10|0x0000000708800000, 0x0000000708800000, 0x0000000708a00000|  0%| F|  |TAMS 0x0000000708800000| PB 0x0000000708800000| Untracked 
|  11|0x0000000708a00000, 0x0000000708a00000, 0x0000000708c00000|  0%| F|  |TAMS 0x0000000708a00000| PB 0x0000000708a00000| Untracked 
|  12|0x0000000708c00000, 0x0000000708c00000, 0x0000000708e00000|  0%| F|  |TAMS 0x0000000708c00000| PB 0x0000000708c00000| Untracked 
|  13|0x0000000708e00000, 0x0000000708e00000, 0x0000000709000000|  0%| F|  |TAMS 0x0000000708e00000| PB 0x0000000708e00000| Untracked 
|  14|0x0000000709000000, 0x0000000709000000, 0x0000000709200000|  0%| F|  |TAMS 0x0000000709000000| PB 0x0000000709000000| Untracked 
|  15|0x0000000709200000, 0x0000000709200000, 0x0000000709400000|  0%| F|  |TAMS 0x0000000709200000| PB 0x0000000709200000| Untracked 
|  16|0x0000000709400000, 0x0000000709400000, 0x0000000709600000|  0%| F|  |TAMS 0x0000000709400000| PB 0x0000000709400000| Untracked 
|  17|0x0000000709600000, 0x0000000709600000, 0x0000000709800000|  0%| F|  |TAMS 0x0000000709600000| PB 0x0000000709600000| Untracked 
|  18|0x0000000709800000, 0x0000000709800000, 0x0000000709a00000|  0%| F|  |TAMS 0x0000000709800000| PB 0x0000000709800000| Untracked 
|  19|0x0000000709a00000, 0x0000000709a00000, 0x0000000709c00000|  0%| F|  |TAMS 0x0000000709a00000| PB 0x0000000709a00000| Untracked 
|  20|0x0000000709c00000, 0x0000000709c00000, 0x0000000709e00000|  0%| F|  |TAMS 0x0000000709c00000| PB 0x0000000709c00000| Untracked 
|  21|0x0000000709e00000, 0x0000000709e00000, 0x000000070a000000|  0%| F|  |TAMS 0x0000000709e00000| PB 0x0000000709e00000| Untracked 
|  22|0x000000070a000000, 0x000000070a000000, 0x000000070a200000|  0%| F|  |TAMS 0x000000070a000000| PB 0x000000070a000000| Untracked 
|  23|0x000000070a200000, 0x000000070a200000, 0x000000070a400000|  0%| F|  |TAMS 0x000000070a200000| PB 0x000000070a200000| Untracked 
|  24|0x000000070a400000, 0x000000070a400000, 0x000000070a600000|  0%| F|  |TAMS 0x000000070a400000| PB 0x000000070a400000| Untracked 
|  25|0x000000070a600000, 0x000000070a600000, 0x000000070a800000|  0%| F|  |TAMS 0x000000070a600000| PB 0x000000070a600000| Untracked 
|  26|0x000000070a800000, 0x000000070a800000, 0x000000070aa00000|  0%| F|  |TAMS 0x000000070a800000| PB 0x000000070a800000| Untracked 
|  27|0x000000070aa00000, 0x000000070aa00000, 0x000000070ac00000|  0%| F|  |TAMS 0x000000070aa00000| PB 0x000000070aa00000| Untracked 
|  28|0x000000070ac00000, 0x000000070ac00000, 0x000000070ae00000|  0%| F|  |TAMS 0x000000070ac00000| PB 0x000000070ac00000| Untracked 
|  29|0x000000070ae00000, 0x000000070ae00000, 0x000000070b000000|  0%| F|  |TAMS 0x000000070ae00000| PB 0x000000070ae00000| Untracked 
|  30|0x000000070b000000, 0x000000070b000000, 0x000000070b200000|  0%| F|  |TAMS 0x000000070b000000| PB 0x000000070b000000| Untracked 
|  31|0x000000070b200000, 0x000000070b200000, 0x000000070b400000|  0%| F|  |TAMS 0x000000070b200000| PB 0x000000070b200000| Untracked 
|  32|0x000000070b400000, 0x000000070b400000, 0x000000070b600000|  0%| F|  |TAMS 0x000000070b400000| PB 0x000000070b400000| Untracked 
|  33|0x000000070b600000, 0x000000070b600000, 0x000000070b800000|  0%| F|  |TAMS 0x000000070b600000| PB 0x000000070b600000| Untracked 
|  34|0x000000070b800000, 0x000000070b800000, 0x000000070ba00000|  0%| F|  |TAMS 0x000000070b800000| PB 0x000000070b800000| Untracked 
|  35|0x000000070ba00000, 0x000000070ba00000, 0x000000070bc00000|  0%| F|  |TAMS 0x000000070ba00000| PB 0x000000070ba00000| Untracked 
|  36|0x000000070bc00000, 0x000000070bc00000, 0x000000070be00000|  0%| F|  |TAMS 0x000000070bc00000| PB 0x000000070bc00000| Untracked 
|  37|0x000000070be00000, 0x000000070be00000, 0x000000070c000000|  0%| F|  |TAMS 0x000000070be00000| PB 0x000000070be00000| Untracked 
|  38|0x000000070c000000, 0x000000070c000000, 0x000000070c200000|  0%| F|  |TAMS 0x000000070c000000| PB 0x000000070c000000| Untracked 
|  39|0x000000070c200000, 0x000000070c200000, 0x000000070c400000|  0%| F|  |TAMS 0x000000070c200000| PB 0x000000070c200000| Untracked 
|  40|0x000000070c400000, 0x000000070c400000, 0x000000070c600000|  0%| F|  |TAMS 0x000000070c400000| PB 0x000000070c400000| Untracked 
|  41|0x000000070c600000, 0x000000070c600000, 0x000000070c800000|  0%| F|  |TAMS 0x000000070c600000| PB 0x000000070c600000| Untracked 
|  42|0x000000070c800000, 0x000000070c800000, 0x000000070ca00000|  0%| F|  |TAMS 0x000000070c800000| PB 0x000000070c800000| Untracked 
|  43|0x000000070ca00000, 0x000000070ca00000, 0x000000070cc00000|  0%| F|  |TAMS 0x000000070ca00000| PB 0x000000070ca00000| Untracked 
|  44|0x000000070cc00000, 0x000000070cc00000, 0x000000070ce00000|  0%| F|  |TAMS 0x000000070cc00000| PB 0x000000070cc00000| Untracked 
|  45|0x000000070ce00000, 0x000000070ce00000, 0x000000070d000000|  0%| F|  |TAMS 0x000000070ce00000| PB 0x000000070ce00000| Untracked 
|  46|0x000000070d000000, 0x000000070d000000, 0x000000070d200000|  0%| F|  |TAMS 0x000000070d000000| PB 0x000000070d000000| Untracked 
|  47|0x000000070d200000, 0x000000070d200000, 0x000000070d400000|  0%| F|  |TAMS 0x000000070d200000| PB 0x000000070d200000| Untracked 
|  48|0x000000070d400000, 0x000000070d400000, 0x000000070d600000|  0%| F|  |TAMS 0x000000070d400000| PB 0x000000070d400000| Untracked 
|  49|0x000000070d600000, 0x000000070d600000, 0x000000070d800000|  0%| F|  |TAMS 0x000000070d600000| PB 0x000000070d600000| Untracked 
|  50|0x000000070d800000, 0x000000070d800000, 0x000000070da00000|  0%| F|  |TAMS 0x000000070d800000| PB 0x000000070d800000| Untracked 
|  51|0x000000070da00000, 0x000000070da00000, 0x000000070dc00000|  0%| F|  |TAMS 0x000000070da00000| PB 0x000000070da00000| Untracked 
|  52|0x000000070dc00000, 0x000000070dc00000, 0x000000070de00000|  0%| F|  |TAMS 0x000000070dc00000| PB 0x000000070dc00000| Untracked 
|  53|0x000000070de00000, 0x000000070de00000, 0x000000070e000000|  0%| F|  |TAMS 0x000000070de00000| PB 0x000000070de00000| Untracked 
|  54|0x000000070e000000, 0x000000070e000000, 0x000000070e200000|  0%| F|  |TAMS 0x000000070e000000| PB 0x000000070e000000| Untracked 
|  55|0x000000070e200000, 0x000000070e200000, 0x000000070e400000|  0%| F|  |TAMS 0x000000070e200000| PB 0x000000070e200000| Untracked 
|  56|0x000000070e400000, 0x000000070e400000, 0x000000070e600000|  0%| F|  |TAMS 0x000000070e400000| PB 0x000000070e400000| Untracked 
|  57|0x000000070e600000, 0x000000070e600000, 0x000000070e800000|  0%| F|  |TAMS 0x000000070e600000| PB 0x000000070e600000| Untracked 
|  58|0x000000070e800000, 0x000000070e800000, 0x000000070ea00000|  0%| F|  |TAMS 0x000000070e800000| PB 0x000000070e800000| Untracked 
|  59|0x000000070ea00000, 0x000000070ea00000, 0x000000070ec00000|  0%| F|  |TAMS 0x000000070ea00000| PB 0x000000070ea00000| Untracked 
|  60|0x000000070ec00000, 0x000000070ec00000, 0x000000070ee00000|  0%| F|  |TAMS 0x000000070ec00000| PB 0x000000070ec00000| Untracked 
|  61|0x000000070ee00000, 0x000000070ee00000, 0x000000070f000000|  0%| F|  |TAMS 0x000000070ee00000| PB 0x000000070ee00000| Untracked 
|  62|0x000000070f000000, 0x000000070f000000, 0x000000070f200000|  0%| F|  |TAMS 0x000000070f000000| PB 0x000000070f000000| Untracked 
|  63|0x000000070f200000, 0x000000070f200000, 0x000000070f400000|  0%| F|  |TAMS 0x000000070f200000| PB 0x000000070f200000| Untracked 
|  64|0x000000070f400000, 0x000000070f400000, 0x000000070f600000|  0%| F|  |TAMS 0x000000070f400000| PB 0x000000070f400000| Untracked 
|  65|0x000000070f600000, 0x000000070f600000, 0x000000070f800000|  0%| F|  |TAMS 0x000000070f600000| PB 0x000000070f600000| Untracked 
|  66|0x000000070f800000, 0x000000070f800000, 0x000000070fa00000|  0%| F|  |TAMS 0x000000070f800000| PB 0x000000070f800000| Untracked 
|  67|0x000000070fa00000, 0x000000070fa00000, 0x000000070fc00000|  0%| F|  |TAMS 0x000000070fa00000| PB 0x000000070fa00000| Untracked 
|  68|0x000000070fc00000, 0x000000070fc00000, 0x000000070fe00000|  0%| F|  |TAMS 0x000000070fc00000| PB 0x000000070fc00000| Untracked 
|  69|0x000000070fe00000, 0x000000070fe00000, 0x0000000710000000|  0%| F|  |TAMS 0x000000070fe00000| PB 0x000000070fe00000| Untracked 
|  70|0x0000000710000000, 0x0000000710000000, 0x0000000710200000|  0%| F|  |TAMS 0x0000000710000000| PB 0x0000000710000000| Untracked 
|  71|0x0000000710200000, 0x0000000710200000, 0x0000000710400000|  0%| F|  |TAMS 0x0000000710200000| PB 0x0000000710200000| Untracked 
|  72|0x0000000710400000, 0x0000000710400000, 0x0000000710600000|  0%| F|  |TAMS 0x0000000710400000| PB 0x0000000710400000| Untracked 
|  73|0x0000000710600000, 0x0000000710600000, 0x0000000710800000|  0%| F|  |TAMS 0x0000000710600000| PB 0x0000000710600000| Untracked 
|  74|0x0000000710800000, 0x0000000710800000, 0x0000000710a00000|  0%| F|  |TAMS 0x0000000710800000| PB 0x0000000710800000| Untracked 
|  75|0x0000000710a00000, 0x0000000710a00000, 0x0000000710c00000|  0%| F|  |TAMS 0x0000000710a00000| PB 0x0000000710a00000| Untracked 
|  76|0x0000000710c00000, 0x0000000710c00000, 0x0000000710e00000|  0%| F|  |TAMS 0x0000000710c00000| PB 0x0000000710c00000| Untracked 
|  77|0x0000000710e00000, 0x0000000710e00000, 0x0000000711000000|  0%| F|  |TAMS 0x0000000710e00000| PB 0x0000000710e00000| Untracked 
|  78|0x0000000711000000, 0x0000000711000000, 0x0000000711200000|  0%| F|  |TAMS 0x0000000711000000| PB 0x0000000711000000| Untracked 
|  79|0x0000000711200000, 0x0000000711200000, 0x0000000711400000|  0%| F|  |TAMS 0x0000000711200000| PB 0x0000000711200000| Untracked 
|  80|0x0000000711400000, 0x0000000711400000, 0x0000000711600000|  0%| F|  |TAMS 0x0000000711400000| PB 0x0000000711400000| Untracked 
|  81|0x0000000711600000, 0x0000000711600000, 0x0000000711800000|  0%| F|  |TAMS 0x0000000711600000| PB 0x0000000711600000| Untracked 
|  82|0x0000000711800000, 0x0000000711800000, 0x0000000711a00000|  0%| F|  |TAMS 0x0000000711800000| PB 0x0000000711800000| Untracked 
|  83|0x0000000711a00000, 0x0000000711a00000, 0x0000000711c00000|  0%| F|  |TAMS 0x0000000711a00000| PB 0x0000000711a00000| Untracked 
|  84|0x0000000711c00000, 0x0000000711c00000, 0x0000000711e00000|  0%| F|  |TAMS 0x0000000711c00000| PB 0x0000000711c00000| Untracked 
|  85|0x0000000711e00000, 0x0000000711e00000, 0x0000000712000000|  0%| F|  |TAMS 0x0000000711e00000| PB 0x0000000711e00000| Untracked 
|  86|0x0000000712000000, 0x0000000712000000, 0x0000000712200000|  0%| F|  |TAMS 0x0000000712000000| PB 0x0000000712000000| Untracked 
|  87|0x0000000712200000, 0x0000000712200000, 0x0000000712400000|  0%| F|  |TAMS 0x0000000712200000| PB 0x0000000712200000| Untracked 
|  88|0x0000000712400000, 0x0000000712400000, 0x0000000712600000|  0%| F|  |TAMS 0x0000000712400000| PB 0x0000000712400000| Untracked 
|  89|0x0000000712600000, 0x0000000712600000, 0x0000000712800000|  0%| F|  |TAMS 0x0000000712600000| PB 0x0000000712600000| Untracked 
|  90|0x0000000712800000, 0x0000000712800000, 0x0000000712a00000|  0%| F|  |TAMS 0x0000000712800000| PB 0x0000000712800000| Untracked 
|  91|0x0000000712a00000, 0x0000000712a00000, 0x0000000712c00000|  0%| F|  |TAMS 0x0000000712a00000| PB 0x0000000712a00000| Untracked 
|  92|0x0000000712c00000, 0x0000000712c00000, 0x0000000712e00000|  0%| F|  |TAMS 0x0000000712c00000| PB 0x0000000712c00000| Untracked 
|  93|0x0000000712e00000, 0x0000000712e00000, 0x0000000713000000|  0%| F|  |TAMS 0x0000000712e00000| PB 0x0000000712e00000| Untracked 
|  94|0x0000000713000000, 0x0000000713000000, 0x0000000713200000|  0%| F|  |TAMS 0x0000000713000000| PB 0x0000000713000000| Untracked 
|  95|0x0000000713200000, 0x0000000713200000, 0x0000000713400000|  0%| F|  |TAMS 0x0000000713200000| PB 0x0000000713200000| Untracked 
|  96|0x0000000713400000, 0x0000000713400000, 0x0000000713600000|  0%| F|  |TAMS 0x0000000713400000| PB 0x0000000713400000| Untracked 
|  97|0x0000000713600000, 0x0000000713600000, 0x0000000713800000|  0%| F|  |TAMS 0x0000000713600000| PB 0x0000000713600000| Untracked 
|  98|0x0000000713800000, 0x0000000713800000, 0x0000000713a00000|  0%| F|  |TAMS 0x0000000713800000| PB 0x0000000713800000| Untracked 
|  99|0x0000000713a00000, 0x0000000713a00000, 0x0000000713c00000|  0%| F|  |TAMS 0x0000000713a00000| PB 0x0000000713a00000| Untracked 
| 100|0x0000000713c00000, 0x0000000713c00000, 0x0000000713e00000|  0%| F|  |TAMS 0x0000000713c00000| PB 0x0000000713c00000| Untracked 
| 101|0x0000000713e00000, 0x0000000713e00000, 0x0000000714000000|  0%| F|  |TAMS 0x0000000713e00000| PB 0x0000000713e00000| Untracked 
| 102|0x0000000714000000, 0x0000000714000000, 0x0000000714200000|  0%| F|  |TAMS 0x0000000714000000| PB 0x0000000714000000| Untracked 
| 103|0x0000000714200000, 0x0000000714200000, 0x0000000714400000|  0%| F|  |TAMS 0x0000000714200000| PB 0x0000000714200000| Untracked 
| 104|0x0000000714400000, 0x0000000714400000, 0x0000000714600000|  0%| F|  |TAMS 0x0000000714400000| PB 0x0000000714400000| Untracked 
| 105|0x0000000714600000, 0x0000000714600000, 0x0000000714800000|  0%| F|  |TAMS 0x0000000714600000| PB 0x0000000714600000| Untracked 
| 106|0x0000000714800000, 0x0000000714800000, 0x0000000714a00000|  0%| F|  |TAMS 0x0000000714800000| PB 0x0000000714800000| Untracked 
| 107|0x0000000714a00000, 0x0000000714a00000, 0x0000000714c00000|  0%| F|  |TAMS 0x0000000714a00000| PB 0x0000000714a00000| Untracked 
| 108|0x0000000714c00000, 0x0000000714c00000, 0x0000000714e00000|  0%| F|  |TAMS 0x0000000714c00000| PB 0x0000000714c00000| Untracked 
| 109|0x0000000714e00000, 0x0000000714e00000, 0x0000000715000000|  0%| F|  |TAMS 0x0000000714e00000| PB 0x0000000714e00000| Untracked 
| 110|0x0000000715000000, 0x0000000715000000, 0x0000000715200000|  0%| F|  |TAMS 0x0000000715000000| PB 0x0000000715000000| Untracked 
| 111|0x0000000715200000, 0x0000000715200000, 0x0000000715400000|  0%| F|  |TAMS 0x0000000715200000| PB 0x0000000715200000| Untracked 
| 112|0x0000000715400000, 0x0000000715400000, 0x0000000715600000|  0%| F|  |TAMS 0x0000000715400000| PB 0x0000000715400000| Untracked 
| 113|0x0000000715600000, 0x0000000715600000, 0x0000000715800000|  0%| F|  |TAMS 0x0000000715600000| PB 0x0000000715600000| Untracked 
| 114|0x0000000715800000, 0x0000000715800000, 0x0000000715a00000|  0%| F|  |TAMS 0x0000000715800000| PB 0x0000000715800000| Untracked 
| 115|0x0000000715a00000, 0x0000000715a00000, 0x0000000715c00000|  0%| F|  |TAMS 0x0000000715a00000| PB 0x0000000715a00000| Untracked 
| 116|0x0000000715c00000, 0x0000000715c70a70, 0x0000000715e00000| 22%| E|  |TAMS 0x0000000715c00000| PB 0x0000000715c00000| Complete 
| 117|0x0000000715e00000, 0x0000000716000000, 0x0000000716000000|100%| E|CS|TAMS 0x0000000715e00000| PB 0x0000000715e00000| Complete 
| 118|0x0000000716000000, 0x0000000716200000, 0x0000000716200000|100%| E|CS|TAMS 0x0000000716000000| PB 0x0000000716000000| Complete 
| 119|0x0000000716200000, 0x0000000716400000, 0x0000000716400000|100%| E|CS|TAMS 0x0000000716200000| PB 0x0000000716200000| Complete 
| 120|0x0000000716400000, 0x0000000716600000, 0x0000000716600000|100%| E|CS|TAMS 0x0000000716400000| PB 0x0000000716400000| Complete 
| 121|0x0000000716600000, 0x0000000716800000, 0x0000000716800000|100%| E|CS|TAMS 0x0000000716600000| PB 0x0000000716600000| Complete 
| 122|0x0000000716800000, 0x0000000716a00000, 0x0000000716a00000|100%| E|CS|TAMS 0x0000000716800000| PB 0x0000000716800000| Complete 
| 123|0x0000000716a00000, 0x0000000716c00000, 0x0000000716c00000|100%| E|CS|TAMS 0x0000000716a00000| PB 0x0000000716a00000| Complete 
| 124|0x0000000716c00000, 0x0000000716e00000, 0x0000000716e00000|100%| E|CS|TAMS 0x0000000716c00000| PB 0x0000000716c00000| Complete 

Card table byte_map: [0x00000242a3560000,0x00000242a3d30000] _byte_map_base: 0x000002429fd26000

Marking Bits: (CMBitMap*) 0x000002428fa6d510
 Bits: [0x00000242a3d30000, 0x00000242a7b60000)

Polling page: 0x000002428da60000

Metaspace:

Usage:
  Non-class:      7.96 MB used.
      Class:      1.04 MB used.
       Both:      9.00 MB used.

Virtual space:
  Non-class space:       64.00 MB reserved,       8.06 MB ( 13%) committed,  1 nodes.
      Class space:        1.00 GB reserved,       1.12 MB ( <1%) committed,  1 nodes.
             Both:        1.06 GB reserved,       9.19 MB ( <1%) committed. 

Chunk freelists:
   Non-Class:  7.88 MB
       Class:  14.69 MB
        Both:  22.56 MB

MaxMetaspaceSize: unlimited
CompressedClassSpaceSize: 1.00 GB
Initial GC threshold: 21.00 MB
Current GC threshold: 21.00 MB
CDS: on
 - commit_granule_bytes: 65536.
 - commit_granule_words: 8192.
 - virtual_space_node_default_size: 8388608.
 - enlarge_chunks_in_place: 1.
 - use_allocation_guard: 0.


Internal statistics:

num_allocs_failed_limit: 0.
num_arena_births: 244.
num_arena_deaths: 0.
num_vsnodes_births: 2.
num_vsnodes_deaths: 0.
num_space_committed: 147.
num_space_uncommitted: 0.
num_chunks_returned_to_freelist: 0.
num_chunks_taken_from_freelist: 411.
num_chunk_merges: 0.
num_chunk_splits: 239.
num_chunks_enlarged: 118.
num_inconsistent_stats: 0.

CodeHeap 'non-profiled nmethods': size=120000Kb used=403Kb max_used=403Kb free=119597Kb
 bounds [0x000002429b520000, 0x000002429b790000, 0x00000242a2a50000]
CodeHeap 'profiled nmethods': size=120000Kb used=1937Kb max_used=1937Kb free=118062Kb
 bounds [0x0000024293a50000, 0x0000024293cc0000, 0x000002429af80000]
CodeHeap 'non-nmethods': size=5760Kb used=1430Kb max_used=1444Kb free=4329Kb
 bounds [0x000002429af80000, 0x000002429b1f0000, 0x000002429b520000]
 total_blobs=1705 nmethods=1189 adapters=421
 compilation: enabled
              stopped_count=0, restarted_count=0
 full_count=0

Compilation events (20 events):
Event: 0.662 Thread 0x00000242aa7538f0 1129       3       jdk.internal.org.objectweb.asm.ClassWriter::visit (160 bytes)
Event: 0.662 Thread 0x00000242aa7538f0 nmethod 1129 0x0000024293c0fd10 code [0x0000024293c0ff40, 0x0000024293c10748]
Event: 0.662 Thread 0x00000242aa7538f0 1130       3       jdk.internal.org.objectweb.asm.ClassWriter::toByteArray (1517 bytes)
Event: 0.667 Thread 0x00000242aa7538f0 nmethod 1130 0x0000024293c10b90 code [0x0000024293c11500, 0x0000024293c152e0]
Event: 0.667 Thread 0x00000242aa7538f0 1132       3       jdk.internal.org.objectweb.asm.SymbolTable::computeBootstrapMethodsSize (27 bytes)
Event: 0.667 Thread 0x00000242aa7538f0 nmethod 1132 0x0000024293c17310 code [0x0000024293c174c0, 0x0000024293c17690]
Event: 0.667 Thread 0x00000242aa7538f0 1131       3       jdk.internal.org.objectweb.asm.SymbolTable::getConstantPoolLength (8 bytes)
Event: 0.667 Thread 0x00000242aa7538f0 nmethod 1131 0x0000024293c17790 code [0x0000024293c17920, 0x0000024293c17a38]
Event: 0.689 Thread 0x00000242aa7538f0 1133       3       java.nio.ByteBuffer::arrayOffset (35 bytes)
Event: 0.689 Thread 0x00000242aa7538f0 nmethod 1133 0x0000024293c17b10 code [0x0000024293c17ce0, 0x0000024293c17fb0]
Event: 0.689 Thread 0x00000242aa7538f0 1134   !   3       jdk.internal.loader.BuiltinClassLoader::defineClass (162 bytes)
Event: 0.689 Thread 0x00000242aa7376e0 1135   !   4       java.util.zip.Inflater::finished (19 bytes)
Event: 0.690 Thread 0x00000242aa7376e0 nmethod 1135 0x000002429b581610 code [0x000002429b5817a0, 0x000002429b5819a0]
Event: 0.690 Thread 0x00000242aa7538f0 nmethod 1134 0x0000024293c18110 code [0x0000024293c18600, 0x0000024293c1ad30]
Event: 0.690 Thread 0x00000242aa7538f0 1137       3       java.nio.ByteBuffer::wrap (8 bytes)
Event: 0.690 Thread 0x00000242aa7538f0 nmethod 1137 0x0000024293c1bf90 code [0x0000024293c1c140, 0x0000024293c1c268]
Event: 0.690 Thread 0x00000242aa7538f0 1136       3       jdk.internal.misc.Unsafe::checkSize (32 bytes)
Event: 0.691 Thread 0x00000242aa7538f0 nmethod 1136 0x0000024293c1c310 code [0x0000024293c1c4c0, 0x0000024293c1c730]
Event: 0.691 Thread 0x00000242aa7538f0 1138       3       jdk.internal.misc.Unsafe::checkOffset (32 bytes)
Event: 0.691 Thread 0x00000242aa7538f0 nmethod 1138 0x0000024293c1c810 code [0x0000024293c1c9c0, 0x0000024293c1cc30]

GC Heap History (0 events):
No events

Dll operation events (2 events):
Event: 0.015 Loaded shared library C:\Program Files\JetBrains\WebStorm 2025.1.3\jbr\bin\java.dll
Event: 0.075 Loaded shared library C:\Program Files\JetBrains\WebStorm 2025.1.3\jbr\bin\zip.dll

Deoptimization events (20 events):
Event: 0.614 Thread 0x00000242f0159ed0 Uncommon trap: trap_request=0xffffff66 fr.pc=0x000002429b5785f4 relative=0x0000000000000314
Event: 0.614 Thread 0x00000242f0159ed0 Uncommon trap: reason=speculate_class_check action=maybe_recompile pc=0x000002429b5785f4 method=sun.security.util.math.intpoly.IntegerPolynomial.multByInt([JJ)V @ 26 c2
Event: 0.614 Thread 0x00000242f0159ed0 DEOPT PACKING pc=0x000002429b5785f4 sp=0x0000009226dfe2d0
Event: 0.614 Thread 0x00000242f0159ed0 DEOPT UNPACKING pc=0x000002429afd46a2 sp=0x0000009226dfe210 mode 2
Event: 0.614 Thread 0x00000242f0159ed0 Uncommon trap: trap_request=0xffffffde fr.pc=0x000002429b57479c relative=0x000000000000025c
Event: 0.614 Thread 0x00000242f0159ed0 Uncommon trap: reason=class_check action=maybe_recompile pc=0x000002429b57479c method=sun.security.util.math.intpoly.IntegerPolynomial.multByInt([JJ)V @ 26 c2
Event: 0.614 Thread 0x00000242f0159ed0 DEOPT PACKING pc=0x000002429b57479c sp=0x0000009226dfe240
Event: 0.614 Thread 0x00000242f0159ed0 DEOPT UNPACKING pc=0x000002429afd46a2 sp=0x0000009226dfe210 mode 2
Event: 0.614 Thread 0x00000242f0159ed0 Uncommon trap: trap_request=0xffffffde fr.pc=0x000002429b57479c relative=0x000000000000025c
Event: 0.614 Thread 0x00000242f0159ed0 Uncommon trap: reason=class_check action=maybe_recompile pc=0x000002429b57479c method=sun.security.util.math.intpoly.IntegerPolynomial.multByInt([JJ)V @ 26 c2
Event: 0.614 Thread 0x00000242f0159ed0 DEOPT PACKING pc=0x000002429b57479c sp=0x0000009226dfe240
Event: 0.614 Thread 0x00000242f0159ed0 DEOPT UNPACKING pc=0x000002429afd46a2 sp=0x0000009226dfe210 mode 2
Event: 0.614 Thread 0x00000242f0159ed0 Uncommon trap: trap_request=0xffffffde fr.pc=0x000002429b57479c relative=0x000000000000025c
Event: 0.614 Thread 0x00000242f0159ed0 Uncommon trap: reason=class_check action=maybe_recompile pc=0x000002429b57479c method=sun.security.util.math.intpoly.IntegerPolynomial.multByInt([JJ)V @ 26 c2
Event: 0.614 Thread 0x00000242f0159ed0 DEOPT PACKING pc=0x000002429b57479c sp=0x0000009226dfe240
Event: 0.614 Thread 0x00000242f0159ed0 DEOPT UNPACKING pc=0x000002429afd46a2 sp=0x0000009226dfe210 mode 2
Event: 0.614 Thread 0x00000242f0159ed0 Uncommon trap: trap_request=0xffffffde fr.pc=0x000002429b57479c relative=0x000000000000025c
Event: 0.614 Thread 0x00000242f0159ed0 Uncommon trap: reason=class_check action=maybe_recompile pc=0x000002429b57479c method=sun.security.util.math.intpoly.IntegerPolynomial.multByInt([JJ)V @ 26 c2
Event: 0.614 Thread 0x00000242f0159ed0 DEOPT PACKING pc=0x000002429b57479c sp=0x0000009226dfe240
Event: 0.614 Thread 0x00000242f0159ed0 DEOPT UNPACKING pc=0x000002429afd46a2 sp=0x0000009226dfe210 mode 2

Classes loaded (20 events):
Event: 0.656 Loading class sun/security/ssl/Finished$T12VerifyDataGenerator
Event: 0.656 Loading class sun/security/ssl/Finished$T12VerifyDataGenerator done
Event: 0.656 Loading class sun/security/ssl/Finished$T13VerifyDataGenerator
Event: 0.657 Loading class sun/security/ssl/Finished$T13VerifyDataGenerator done
Event: 0.657 Loading class sun/security/ssl/Finished$1
Event: 0.657 Loading class sun/security/ssl/Finished$1 done
Event: 0.657 Loading class sun/security/ssl/SSLBasicKeyDerivation
Event: 0.657 Loading class sun/security/ssl/SSLBasicKeyDerivation done
Event: 0.657 Loading class sun/security/ssl/SSLBasicKeyDerivation$SecretSizeSpec
Event: 0.657 Loading class sun/security/ssl/SSLBasicKeyDerivation$SecretSizeSpec done
Event: 0.659 Loading class jdk/internal/event/TLSHandshakeEvent
Event: 0.660 Loading class jdk/internal/event/TLSHandshakeEvent done
Event: 0.660 Loading class com/sun/crypto/provider/GaloisCounterMode$GCMEncrypt
Event: 0.660 Loading class com/sun/crypto/provider/GaloisCounterMode$GCMEncrypt done
Event: 0.660 Loading class com/sun/crypto/provider/GaloisCounterMode$EncryptOp
Event: 0.660 Loading class com/sun/crypto/provider/GaloisCounterMode$EncryptOp done
Event: 0.661 Loading class sun/security/ssl/CipherSuite$1
Event: 0.661 Loading class sun/security/ssl/CipherSuite$1 done
Event: 0.664 Loading class java/util/concurrent/CompletionException
Event: 0.664 Loading class java/util/concurrent/CompletionException done

Classes unloaded (0 events):
No events

Classes redefined (0 events):
No events

Internal exceptions (20 events):
Event: 0.277 Thread 0x000002428fa097d0 Exception <a 'java/lang/NoSuchMethodError'{0x00000007166e21e8}: 'int java.lang.invoke.DirectMethodHandle$Holder.invokeStaticInit(java.lang.Object, float, float)'> (0x00000007166e21e8) 
thrown [s\src\hotspot\share\interpreter\linkResolver.cpp, line 784]
Event: 0.278 Thread 0x000002428fa097d0 Exception <a 'java/lang/NoSuchMethodError'{0x00000007166e8c78}: 'int java.lang.invoke.DirectMethodHandle$Holder.invokeStaticInit(java.lang.Object, double, double)'> (0x00000007166e8c78) 
thrown [s\src\hotspot\share\interpreter\linkResolver.cpp, line 784]
Event: 0.278 Thread 0x000002428fa097d0 Exception <a 'java/lang/NoSuchMethodError'{0x00000007166ed428}: 'int java.lang.invoke.DirectMethodHandle$Holder.invokeStatic(java.lang.Object, long)'> (0x00000007166ed428) 
thrown [s\src\hotspot\share\interpreter\linkResolver.cpp, line 784]
Event: 0.282 Thread 0x000002428fa097d0 Exception <a 'java/lang/NoSuchMethodError'{0x00000007167170c8}: 'java.lang.Object java.lang.invoke.DirectMethodHandle$Holder.invokeSpecial(java.lang.Object, java.lang.Object, int, java.lang.Object, java.lang.Object)'> (0x00000007167170c8) 
thrown [s\src\hotspot\share\interpreter\linkResolver.cpp, line 784]
Event: 0.282 Thread 0x000002428fa097d0 Exception <a 'java/lang/NoSuchMethodError'{0x000000071671aa58}: 'java.lang.Object java.lang.invoke.DelegatingMethodHandle$Holder.delegate(java.lang.Object, int, java.lang.Object, java.lang.Object)'> (0x000000071671aa58) 
thrown [s\src\hotspot\share\interpreter\linkResolver.cpp, line 784]
Event: 0.284 Thread 0x000002428fa097d0 Exception <a 'java/lang/NoSuchMethodError'{0x0000000716729d78}: 'int java.lang.invoke.Invokers$Holder.linkToTargetMethod(java.lang.Object, java.lang.Object, java.lang.Object)'> (0x0000000716729d78) 
thrown [s\src\hotspot\share\interpreter\linkResolver.cpp, line 784]
Event: 0.287 Thread 0x000002428fa097d0 Exception <a 'java/lang/NoSuchMethodError'{0x000000071675ba00}: 'long java.lang.invoke.DirectMethodHandle$Holder.invokeSpecial(java.lang.Object, java.lang.Object)'> (0x000000071675ba00) 
thrown [s\src\hotspot\share\interpreter\linkResolver.cpp, line 784]
Event: 0.288 Thread 0x000002428fa097d0 Exception <a 'java/lang/NoSuchMethodError'{0x00000007167622d0}: 'int java.lang.invoke.DirectMethodHandle$Holder.invokeStatic(java.lang.Object, java.lang.Object, java.lang.Object, java.lang.Object)'> (0x00000007167622d0) 
thrown [s\src\hotspot\share\interpreter\linkResolver.cpp, line 784]
Event: 0.288 Thread 0x000002428fa097d0 Exception <a 'java/lang/NoSuchMethodError'{0x00000007167656f0}: 'java.lang.Object java.lang.invoke.Invokers$Holder.invokeExact_MT(java.lang.Object, java.lang.Object, java.lang.Object, java.lang.Object, java.lang.Object, java.lang.Object)'> (0x00000007167656f0) 
thrown [s\src\hotspot\share\interpreter\linkResolver.cpp, line 784]
Event: 0.368 Thread 0x000002428fa097d0 Exception <a 'java/lang/NoSuchMethodError'{0x0000000716571278}: 'java.lang.Object java.lang.invoke.DirectMethodHandle$Holder.newInvokeSpecial(java.lang.Object, java.lang.Object, java.lang.Object, java.lang.Object, java.lang.Object)'> (0x0000000716571278) 
thrown [s\src\hotspot\share\interpreter\linkResolver.cpp, line 784]
Event: 0.418 Thread 0x000002428fa097d0 Exception <a 'java/lang/NoSuchMethodError'{0x00000007162fa100}: 'java.lang.Object java.lang.invoke.DirectMethodHandle$Holder.invokeSpecial(java.lang.Object, java.lang.Object, java.lang.Object, java.lang.Object, int)'> (0x00000007162fa100) 
thrown [s\src\hotspot\share\interpreter\linkResolver.cpp, line 784]
Event: 0.419 Thread 0x000002428fa097d0 Exception <a 'java/lang/NoSuchMethodError'{0x00000007162fda68}: 'java.lang.Object java.lang.invoke.Invokers$Holder.linkToTargetMethod(java.lang.Object, java.lang.Object, int, java.lang.Object)'> (0x00000007162fda68) 
thrown [s\src\hotspot\share\interpreter\linkResolver.cpp, line 784]
Event: 0.426 Thread 0x000002428fa097d0 Exception <a 'java/lang/NoSuchMethodError'{0x000000071632bd80}: 'void java.lang.invoke.DirectMethodHandle$Holder.invokeSpecial(java.lang.Object, java.lang.Object, java.lang.Object)'> (0x000000071632bd80) 
thrown [s\src\hotspot\share\interpreter\linkResolver.cpp, line 784]
Event: 0.446 Thread 0x00000242f00e19d0 Exception <a 'java/lang/NoSuchMethodError'{0x0000000716503cc8}: 'void java.lang.invoke.DirectMethodHandle$Holder.invokeStatic(java.lang.Object, java.lang.Object, int)'> (0x0000000716503cc8) 
thrown [s\src\hotspot\share\interpreter\linkResolver.cpp, line 784]
Event: 0.447 Thread 0x000002428fa097d0 Exception <a 'java/lang/NoSuchMethodError'{0x00000007163bb760}: 'void java.lang.invoke.DirectMethodHandle$Holder.invokeSpecial(java.lang.Object, java.lang.Object, java.lang.Object, java.lang.Object, java.lang.Object)'> (0x00000007163bb760) 
thrown [s\src\hotspot\share\interpreter\linkResolver.cpp, line 784]
Event: 0.457 Thread 0x00000242f00e19d0 Exception <a 'java/lang/NoSuchMethodError'{0x000000071653d9c0}: 'void java.lang.invoke.DirectMethodHandle$Holder.invokeStatic(java.lang.Object, java.lang.Object)'> (0x000000071653d9c0) 
thrown [s\src\hotspot\share\interpreter\linkResolver.cpp, line 784]
Event: 0.459 Thread 0x00000242f0159ed0 Exception <a 'java/lang/NoSuchMethodError'{0x0000000716005c78}: 'void java.lang.invoke.DirectMethodHandle$Holder.invokeInterface(java.lang.Object, java.lang.Object, java.lang.Object)'> (0x0000000716005c78) 
thrown [s\src\hotspot\share\interpreter\linkResolver.cpp, line 784]
Event: 0.470 Thread 0x00000242f0159ed0 Exception <a 'java/lang/NoSuchMethodError'{0x0000000716055710}: 'void java.lang.invoke.DirectMethodHandle$Holder.invokeVirtual(java.lang.Object, java.lang.Object)'> (0x0000000716055710) 
thrown [s\src\hotspot\share\interpreter\linkResolver.cpp, line 784]
Event: 0.604 Thread 0x00000242f0159ed0 Exception <a 'java/lang/NoSuchMethodError'{0x0000000715e65860}: 'void java.lang.invoke.DirectMethodHandle$Holder.invokeInterface(java.lang.Object, java.lang.Object)'> (0x0000000715e65860) 
thrown [s\src\hotspot\share\interpreter\linkResolver.cpp, line 784]
Event: 0.662 Thread 0x00000242f0159ed0 Exception <a 'java/lang/NoSuchMethodError'{0x0000000715edd0c0}: 'void java.lang.invoke.DirectMethodHandle$Holder.invokeStatic(java.lang.Object, java.lang.Object, java.lang.Object, java.lang.Object)'> (0x0000000715edd0c0) 
thrown [s\src\hotspot\share\interpreter\linkResolver.cpp, line 784]

ZGC Phase Switch (0 events):
No events

VM Operations (12 events):
Event: 0.095 Executing VM operation: HandshakeAllThreads (Deoptimize)
Event: 0.096 Executing VM operation: HandshakeAllThreads (Deoptimize) done
Event: 0.108 Executing VM operation: HandshakeAllThreads (Deoptimize)
Event: 0.108 Executing VM operation: HandshakeAllThreads (Deoptimize) done
Event: 0.238 Executing VM operation: HandshakeAllThreads (Deoptimize)
Event: 0.238 Executing VM operation: HandshakeAllThreads (Deoptimize) done
Event: 0.450 Executing VM operation: HandshakeAllThreads (Deoptimize)
Event: 0.450 Executing VM operation: HandshakeAllThreads (Deoptimize) done
Event: 0.691 Executing VM operation: ICBufferFull
Event: 0.691 Executing VM operation: ICBufferFull done
Event: 1.697 Executing VM operation: Cleanup
Event: 1.697 Executing VM operation: Cleanup done

Memory protections (0 events):
No events

Nmethod flushes (0 events):
No events

Events (20 events):
Event: 0.054 Thread 0x000002428fa097d0 Thread added: 0x00000242aa4ebb70
Event: 0.055 Thread 0x000002428fa097d0 Thread added: 0x00000242aa732090
Event: 0.055 Thread 0x000002428fa097d0 Thread added: 0x00000242aa732fc0
Event: 0.055 Thread 0x000002428fa097d0 Thread added: 0x00000242aa734dd0
Event: 0.055 Thread 0x000002428fa097d0 Thread added: 0x00000242aa735820
Event: 0.055 Thread 0x000002428fa097d0 Thread added: 0x00000242aa7376e0
Event: 0.055 Thread 0x000002428fa097d0 Thread added: 0x00000242aa7538f0
Event: 0.072 Thread 0x000002428fa097d0 Thread added: 0x00000242aa8b9260
Event: 0.077 Thread 0x000002428fa097d0 Thread added: 0x00000242aa8bc8b0
Event: 0.083 Loaded shared library C:\Program Files\JetBrains\WebStorm 2025.1.3\jbr\bin\net.dll
Event: 0.086 Loaded shared library C:\Program Files\JetBrains\WebStorm 2025.1.3\jbr\bin\nio.dll
Event: 0.091 Loaded shared library C:\Program Files\JetBrains\WebStorm 2025.1.3\jbr\bin\zip.dll
Event: 0.148 Loaded shared library C:\Program Files\JetBrains\WebStorm 2025.1.3\jbr\bin\jimage.dll
Event: 0.159 Loaded shared library C:\Program Files\JetBrains\WebStorm 2025.1.3\jbr\bin\sunmscapi.dll
Event: 0.353 Loaded shared library C:\Program Files\JetBrains\WebStorm 2025.1.3\jbr\bin\extnet.dll
Event: 0.360 Thread 0x000002428fa097d0 Thread added: 0x00000242f00e19d0
Event: 0.456 Thread 0x00000242f00e19d0 Thread added: 0x00000242f0159ed0
Event: 0.481 Thread 0x00000242f00e19d0 Thread added: 0x00000242f0161c60
Event: 0.539 Thread 0x00000242aa7538f0 Thread added: 0x00000242f01f86a0
Event: 0.541 Thread 0x00000242aa7376e0 Thread added: 0x00000242f01fa160


Dynamic libraries:
0x00007ff64c150000 - 0x00007ff64c15a000 	C:\Program Files\JetBrains\WebStorm 2025.1.3\jbr\bin\java.exe
0x00007ffbbb900000 - 0x00007ffbbbb65000 	C:\Windows\SYSTEM32\ntdll.dll
0x00007ffbbac10000 - 0x00007ffbbacd9000 	C:\Windows\System32\KERNEL32.DLL
0x00007ffbb8b30000 - 0x00007ffbb8f18000 	C:\Windows\System32\KERNELBASE.dll
0x00007ffbb8fb0000 - 0x00007ffbb90fb000 	C:\Windows\System32\ucrtbase.dll
0x00007ffb8b5a0000 - 0x00007ffb8b5bb000 	C:\Program Files\JetBrains\WebStorm 2025.1.3\jbr\bin\VCRUNTIME140.dll
0x00007ffb9eda0000 - 0x00007ffb9edb8000 	C:\Program Files\JetBrains\WebStorm 2025.1.3\jbr\bin\jli.dll
0x00007ffbba730000 - 0x00007ffbba8fa000 	C:\Windows\System32\USER32.dll
0x00007ffbb8b00000 - 0x00007ffbb8b27000 	C:\Windows\System32\win32u.dll
0x00007ffbba900000 - 0x00007ffbba92b000 	C:\Windows\System32\GDI32.dll
0x00007ffbb9280000 - 0x00007ffbb93b7000 	C:\Windows\System32\gdi32full.dll
0x00007ffb935a0000 - 0x00007ffb9383a000 	C:\Windows\WinSxS\amd64_microsoft.windows.common-controls_6595b64144ccf1df_6.0.26100.4202_none_3e0698d4e335f517\COMCTL32.dll
0x00007ffbb8a50000 - 0x00007ffbb8af3000 	C:\Windows\System32\msvcp_win.dll
0x00007ffbb9fe0000 - 0x00007ffbba089000 	C:\Windows\System32\msvcrt.dll
0x00007ffbbb680000 - 0x00007ffbbb6b0000 	C:\Windows\System32\IMM32.DLL
0x00007ffb9ff10000 - 0x00007ffb9ff1c000 	C:\Program Files\JetBrains\WebStorm 2025.1.3\jbr\bin\vcruntime140_1.dll
0x00007ffb7bcf0000 - 0x00007ffb7bd7d000 	C:\Program Files\JetBrains\WebStorm 2025.1.3\jbr\bin\msvcp140.dll
0x00007ffac1c60000 - 0x00007ffac2a21000 	C:\Program Files\JetBrains\WebStorm 2025.1.3\jbr\bin\server\jvm.dll
0x00007ffbb9f20000 - 0x00007ffbb9fd3000 	C:\Windows\System32\ADVAPI32.dll
0x00007ffbbb270000 - 0x00007ffbbb316000 	C:\Windows\System32\sechost.dll
0x00007ffbbb4b0000 - 0x00007ffbbb5c5000 	C:\Windows\System32\RPCRT4.dll
0x00007ffbbb6d0000 - 0x00007ffbbb744000 	C:\Windows\System32\WS2_32.dll
0x00007ffbb5460000 - 0x00007ffbb5495000 	C:\Windows\SYSTEM32\WINMM.dll
0x00007ffbb7670000 - 0x00007ffbb76ce000 	C:\Windows\SYSTEM32\POWRPROF.dll
0x00007ffbafd90000 - 0x00007ffbafd9b000 	C:\Windows\SYSTEM32\VERSION.dll
0x00007ffbb7650000 - 0x00007ffbb7664000 	C:\Windows\SYSTEM32\UMPDC.dll
0x00007ffbb7930000 - 0x00007ffbb794b000 	C:\Windows\SYSTEM32\kernel.appcore.dll
0x00007ffb9c870000 - 0x00007ffb9c87a000 	C:\Program Files\JetBrains\WebStorm 2025.1.3\jbr\bin\jimage.dll
0x00007ffbb6130000 - 0x00007ffbb6371000 	C:\Windows\SYSTEM32\DBGHELP.DLL
0x00007ffbbae90000 - 0x00007ffbbb215000 	C:\Windows\System32\combase.dll
0x00007ffbba940000 - 0x00007ffbbaa21000 	C:\Windows\System32\OLEAUT32.dll
0x00007ffb83a30000 - 0x00007ffb83a69000 	C:\Windows\SYSTEM32\dbgcore.DLL
0x00007ffbb9600000 - 0x00007ffbb9699000 	C:\Windows\System32\bcryptPrimitives.dll
0x00007ffb86cb0000 - 0x00007ffb86cd0000 	C:\Program Files\JetBrains\WebStorm 2025.1.3\jbr\bin\java.dll
0x00007ffbb97d0000 - 0x00007ffbb9f12000 	C:\Windows\System32\SHELL32.dll
0x00007ffbb9480000 - 0x00007ffbb95f4000 	C:\Windows\System32\wintypes.dll
0x00007ffbb66b0000 - 0x00007ffbb6f08000 	C:\Windows\SYSTEM32\windows.storage.dll
0x00007ffbbb760000 - 0x00007ffbbb851000 	C:\Windows\System32\SHCORE.dll
0x00007ffbbaa30000 - 0x00007ffbbaa9a000 	C:\Windows\System32\shlwapi.dll
0x00007ffbb8960000 - 0x00007ffbb898f000 	C:\Windows\SYSTEM32\profapi.dll
0x00007ffb86540000 - 0x00007ffb86558000 	C:\Program Files\JetBrains\WebStorm 2025.1.3\jbr\bin\zip.dll
0x00007ffb8b610000 - 0x00007ffb8b620000 	C:\Program Files\JetBrains\WebStorm 2025.1.3\jbr\bin\net.dll
0x00007ffba9610000 - 0x00007ffba972e000 	C:\Windows\SYSTEM32\WINHTTP.dll
0x00007ffbb7ea0000 - 0x00007ffbb7f0a000 	C:\Windows\system32\mswsock.dll
0x00007ffb86520000 - 0x00007ffb86536000 	C:\Program Files\JetBrains\WebStorm 2025.1.3\jbr\bin\nio.dll
0x00007ffb864f0000 - 0x00007ffb864fe000 	C:\Program Files\JetBrains\WebStorm 2025.1.3\jbr\bin\sunmscapi.dll
0x00007ffbb9100000 - 0x00007ffbb9277000 	C:\Windows\System32\CRYPT32.dll
0x00007ffbb8370000 - 0x00007ffbb83a0000 	C:\Windows\SYSTEM32\ncrypt.dll
0x00007ffbb8320000 - 0x00007ffbb835f000 	C:\Windows\SYSTEM32\NTASN1.dll
0x00007ffbb8150000 - 0x00007ffbb816b000 	C:\Windows\SYSTEM32\CRYPTSP.dll
0x00007ffbb7890000 - 0x00007ffbb78ca000 	C:\Windows\system32\rsaenh.dll
0x00007ffbb7f40000 - 0x00007ffbb7f6b000 	C:\Windows\SYSTEM32\USERENV.dll
0x00007ffbb8930000 - 0x00007ffbb8956000 	C:\Windows\SYSTEM32\bcrypt.dll
0x00007ffbb8170000 - 0x00007ffbb817c000 	C:\Windows\SYSTEM32\CRYPTBASE.dll
0x00007ffbb7340000 - 0x00007ffbb7373000 	C:\Windows\SYSTEM32\IPHLPAPI.DLL
0x00007ffbbb750000 - 0x00007ffbbb75a000 	C:\Windows\System32\NSI.dll
0x00007ffb86200000 - 0x00007ffb86208000 	C:\Windows\system32\wshunix.dll
0x00007ffb864e0000 - 0x00007ffb864e9000 	C:\Program Files\JetBrains\WebStorm 2025.1.3\jbr\bin\extnet.dll

dbghelp: loaded successfully - version: 4.0.5 - missing functions: none
symbol engine: initialized successfully - sym options: 0x614 - pdb path: .;C:\Program Files\JetBrains\WebStorm 2025.1.3\jbr\bin;C:\Windows\SYSTEM32;C:\Windows\WinSxS\amd64_microsoft.windows.common-controls_6595b64144ccf1df_6.0.26100.4202_none_3e0698d4e335f517;C:\Program Files\JetBrains\WebStorm 2025.1.3\jbr\bin\server

VM Arguments:
java_command: git4idea.http.GitAskPassApp Password for 'https://[1.146s][error][cds] Failed to commit static  region #1 (ReadOnly)@github.com': 
java_class_path (initial): C:/Program Files/JetBrains/WebStorm 2025.1.3/plugins/vcs-git/lib/git4idea-rt.jar;C:/Program Files/JetBrains/WebStorm 2025.1.3/lib/externalProcess-rt.jar
Launcher Type: SUN_STANDARD

[Global flags]
     intx CICompilerCount                          = 4                                         {product} {ergonomic}
     uint ConcGCThreads                            = 2                                         {product} {ergonomic}
     uint G1ConcRefinementThreads                  = 8                                         {product} {ergonomic}
   size_t G1HeapRegionSize                         = 2097152                                   {product} {ergonomic}
    uintx GCDrainStackTargetSize                   = 64                                        {product} {ergonomic}
   size_t InitialHeapSize                          = 262144000                                 {product} {ergonomic}
   size_t MarkStackSize                            = 4194304                                   {product} {ergonomic}
   size_t MaxHeapSize                              = 4173332480                                {product} {ergonomic}
   size_t MaxNewSize                               = 2503999488                                {product} {ergonomic}
   size_t MinHeapDeltaBytes                        = 2097152                                   {product} {ergonomic}
   size_t MinHeapSize                              = 8388608                                   {product} {ergonomic}
    uintx NonNMethodCodeHeapSize                   = 5839372                                {pd product} {ergonomic}
    uintx NonProfiledCodeHeapSize                  = 122909434                              {pd product} {ergonomic}
    uintx ProfiledCodeHeapSize                     = 122909434                              {pd product} {ergonomic}
    uintx ReservedCodeCacheSize                    = 251658240                              {pd product} {ergonomic}
     bool SegmentedCodeCache                       = true                                      {product} {ergonomic}
   size_t SoftMaxHeapSize                          = 4173332480                             {manageable} {ergonomic}
     bool UseCompressedOops                        = true                           {product lp64_product} {ergonomic}
     bool UseG1GC                                  = true                                      {product} {ergonomic}
     bool UseLargePagesIndividualAllocation        = false                                  {pd product} {ergonomic}

Logging:
Log output configuration:
 #0: stdout all=warning uptime,level,tags foldmultilines=false
 #1: stderr all=off uptime,level,tags foldmultilines=false

Environment Variables:
PATH=C:/Program Files/Git/mingw64/libexec/git-core;C:/Program Files/Git/mingw64/libexec/git-core;C:\Program Files\Git\mingw64\bin;C:\Program Files\Git\usr\bin;C:\Users\marcb\bin;C:\Windows\system32;C:\Windows;C:\Windows\System32\Wbem;C:\Windows\System32\WindowsPowerShell\v1.0\;C:\Windows\System32\OpenSSH\;C:\Program Files\dotnet\;C:\Program Files\nodejs\;C:\Program Files\Git\cmd;C:\Users\marcb\AppData\Local\Microsoft\WindowsApps;C:\Users\marcb\AppData\Roaming\npm
USERNAME=marcb
DISPLAY=:0.0
LC_ALL=en_US.UTF-8
TERM=xterm-256color
TMPDIR=C:\Users\marcb\AppData\Local\Temp
OS=Windows_NT
PROCESSOR_IDENTIFIER=Intel64 Family 6 Model 189 Stepping 1, GenuineIntel
TMP=C:\Users\marcb\AppData\Local\Temp
TEMP=C:\Users\marcb\AppData\Local\Temp




Periodic native trim disabled

JNI global refs:
JNI global refs: 20, weak refs: 0

JNI global refs memory usage: 835, weak refs: 201

Process memory usage:
Resident Set Size: 89744K (0% of 16299588K total physical memory with 2056028K free physical memory)

OOME stack traces (most recent first):
Classloader memory used:
Loader bootstrap                                                                       : 7399K
Loader jdk.internal.loader.ClassLoaders$PlatformClassLoader                            : 1959K
Loader jdk.internal.loader.ClassLoaders$AppClassLoader                                 : 16448B

---------------  S Y S T E M  ---------------

OS:
 Windows 11 , 64 bit Build 26100 (10.0.26100.4202)
OS uptime: 8 days 15:25 hours
Hyper-V role detected

CPU: total 8 (initial active 8) (8 cores per cpu, 1 threads per core) family 6 model 189 stepping 1 microcode 0x11c, cx8, cmov, fxsr, mmx, 3dnowpref, sse, sse2, sse3, ssse3, sse4.1, sse4.2, popcnt, lzcnt, tsc, tscinvbit, avx, avx2, aes, erms, clmul, bmi1, bmi2, adx, sha, fma, vzeroupper, clflush, clflushopt, clwb, hv, serialize, rdtscp, rdpid, fsrm, f16c, cet_ibt, cet_ss
Processor Information for processor 0
  Max Mhz: 2200, Current Mhz: 2200, Mhz Limit: 2200
Processor Information for processor 1
  Max Mhz: 2200, Current Mhz: 2024, Mhz Limit: 2200
Processor Information for processor 2
  Max Mhz: 2200, Current Mhz: 2200, Mhz Limit: 2200
Processor Information for processor 3
  Max Mhz: 2200, Current Mhz: 2024, Mhz Limit: 2200
Processor Information for processor 4
  Max Mhz: 2200, Current Mhz: 2200, Mhz Limit: 2200
Processor Information for processor 5
  Max Mhz: 2200, Current Mhz: 2200, Mhz Limit: 2200
Processor Information for processor 6
  Max Mhz: 2200, Current Mhz: 2200, Mhz Limit: 2200
Processor Information for processor 7
  Max Mhz: 2200, Current Mhz: 2200, Mhz Limit: 2200

Memory: 4k page, system-wide physical 15917M (2007M free)
TotalPageFile size 65069M (AvailPageFile size 4M)
current process WorkingSet (physical memory assigned to process): 87M, peak: 87M
current process commit charge ("private bytes"): 361M, peak: 363M

vm_info: OpenJDK 64-Bit Server VM (21.0.7+9-b895.130) for windows-amd64 JRE (21.0.7+9-b895.130), built on 2025-05-13 by "builduser" with MS VC++ 16.10 / 16.11 (VS2019)

END.
